2018-01-24 14:42:39,583 INFO [com.alibaba.druid.pool.DruidDataSource] - <{dataSource-1} inited>
2018-01-24 14:42:40,153 INFO [com.zafnks.web.AbstractCatalog] - <rootURL=https://www.88dushu.com/【玄幻】 【第1页】>
2018-01-24 14:42:45,327 INFO [com.zafnks.web.AbstractCatalog] - <rootURL=https://www.88dushu.com/【修真】 【第1页】>
2018-01-24 14:42:45,752 INFO [com.zafnks.web.AbstractCatalog] - <rootURL=https://www.88dushu.com/【都市】 【第1页】>
2018-01-24 14:42:46,632 INFO [com.zafnks.web.AbstractCatalog] - <rootURL=https://www.88dushu.com/【历史】 【第1页】>
2018-01-24 14:42:47,182 INFO [com.zafnks.web.AbstractCatalog] - <rootURL=https://www.88dushu.com/【科幻】 【第1页】>
2018-01-24 14:42:48,309 INFO [com.zafnks.web.AbstractCatalog] - <rootURL=https://www.88dushu.com/【网游】 【第1页】>
2018-01-24 14:42:48,755 INFO [com.zafnks.web.AbstractCatalog] - <rootURL=https://www.88dushu.com/【科幻】 【第1页】>
2018-01-24 14:42:50,106 INFO [com.zafnks.web.AbstractCatalog] - <rootURL=https://www.88dushu.com/【其他】 【第1页】>
2018-01-24 14:42:50,313 INFO [com.zafnks.web.AbstractCatalog] - <rootURL=https://www.88dushu.com/【其他】 【第1页】>
2018-01-24 14:46:46,786 INFO [com.alibaba.druid.pool.DruidDataSource] - <{dataSource-1} inited>
2018-01-24 14:46:47,181 INFO [com.zafnks.web.AbstractCatalog] - <rootURL=https://www.88dushu.com/【玄幻】 【第1页】>
2018-01-24 14:46:51,471 INFO [com.zafnks.web.AbstractCatalog] - <rootURL=https://www.88dushu.com/【修真】 【第1页】>
2018-01-24 14:46:52,011 INFO [com.zafnks.web.AbstractCatalog] - <rootURL=https://www.88dushu.com/【都市】 【第1页】>
2018-01-24 14:46:52,603 INFO [com.zafnks.web.AbstractCatalog] - <rootURL=https://www.88dushu.com/【历史】 【第1页】>
2018-01-24 14:46:53,204 INFO [com.zafnks.web.AbstractCatalog] - <rootURL=https://www.88dushu.com/【科幻】 【第1页】>
2018-01-24 14:48:54,599 INFO [com.alibaba.druid.pool.DruidDataSource] - <{dataSource-1} inited>
2018-01-24 14:48:55,112 INFO [com.zafnks.web.AbstractCatalog] - <rootURL=https://www.88dushu.com/【玄幻】 【第1页】>
2018-01-24 14:50:30,809 INFO [com.alibaba.druid.pool.DruidDataSource] - <{dataSource-1} inited>
2018-01-24 14:50:31,246 INFO [com.zafnks.web.AbstractCatalog] - <rootURL=https://www.88dushu.com/【玄幻】 【第1页】>
2018-01-24 14:50:36,234 INFO [com.zafnks.web.AbstractCatalog] - <rootURL=https://www.88dushu.com/【修真】 【第1页】>
2018-01-24 14:50:37,198 INFO [com.zafnks.web.AbstractCatalog] - <rootURL=https://www.88dushu.com/【都市】 【第1页】>
2018-01-24 14:51:54,454 INFO [com.alibaba.druid.pool.DruidDataSource] - <{dataSource-1} inited>
2018-01-24 14:51:55,432 INFO [com.zafnks.web.AbstractCatalog] - <rootURL=https://www.88dushu.com/【玄幻】 【第1页】>
2018-01-24 14:52:59,851 INFO [com.zafnks.web.AbstractCatalog] - <rootURL=https://www.88dushu.com/【修真】 【第1页】>
2018-01-24 14:57:24,417 INFO [com.alibaba.druid.pool.DruidDataSource] - <{dataSource-1} inited>
2018-01-24 14:57:24,779 INFO [com.zafnks.web.AbstractCatalog] - <rootURL=https://www.88dushu.com/【玄幻】 【第1页】>
2018-01-24 14:58:16,323 INFO [com.zafnks.web.AbstractCatalog] - <rootURL=https://www.88dushu.com/【修真】 【第1页】>
2018-01-24 15:02:51,900 INFO [com.alibaba.druid.pool.DruidDataSource] - <{dataSource-1} inited>
2018-01-24 15:02:52,501 INFO [com.zafnks.web.AbstractCatalog] - <rootURL=https://www.88dushu.com/【玄幻】 【第1页】>
2018-01-24 15:05:55,960 INFO [com.alibaba.druid.pool.DruidDataSource] - <{dataSource-1} inited>
2018-01-24 15:05:57,096 INFO [com.zafnks.web.AbstractCatalog] - <rootURL=https://www.88dushu.com/【玄幻】 【第1页】>
2018-01-24 15:06:21,023 INFO [com.zafnks.web.AbstractCatalog] - <rootURL=https://www.88dushu.com/【玄幻】 【第2页】>
2018-01-24 15:06:24,687 INFO [com.zafnks.web.AbstractCatalog] - <rootURL=https://www.88dushu.com/【玄幻】 【第3页】>
2018-01-24 15:07:47,537 INFO [com.alibaba.druid.pool.DruidDataSource] - <{dataSource-1} inited>
2018-01-24 15:07:48,032 INFO [com.zafnks.web.AbstractCatalog] - <rootURL=https://www.88dushu.com/【玄幻】 【第1页】>
2018-01-24 15:07:53,641 INFO [com.zafnks.web.AbstractCatalog] - <rootURL=https://www.88dushu.com/【玄幻】 【第2页】>
2018-01-24 15:09:20,303 INFO [com.alibaba.druid.pool.DruidDataSource] - <{dataSource-1} inited>
2018-01-24 15:09:20,723 INFO [com.zafnks.web.AbstractCatalog] - <rootURL=https://www.88dushu.com/【玄幻】 【第1页】>
2018-01-24 15:09:27,534 INFO [com.zafnks.web.AbstractCatalog] - <rootURL=https://www.88dushu.com/【玄幻】 【第2页】>
2018-01-24 15:09:29,792 INFO [com.zafnks.web.AbstractCatalog] - <rootURL=https://www.88dushu.com/【玄幻】 【第3页】>
2018-01-24 15:09:31,855 INFO [com.zafnks.web.AbstractCatalog] - <rootURL=https://www.88dushu.com/【玄幻】 【第4页】>
2018-01-24 15:09:34,060 INFO [com.zafnks.web.AbstractCatalog] - <rootURL=https://www.88dushu.com/【玄幻】 【第5页】>
2018-01-24 15:09:37,316 INFO [com.zafnks.web.AbstractCatalog] - <rootURL=https://www.88dushu.com/【玄幻】 【第6页】>
2018-01-24 15:09:41,942 INFO [com.zafnks.web.AbstractCatalog] - <rootURL=https://www.88dushu.com/【玄幻】 【第7页】>
2018-01-24 15:09:44,250 INFO [com.zafnks.web.AbstractCatalog] - <rootURL=https://www.88dushu.com/【玄幻】 【第8页】>
2018-01-24 15:09:46,676 INFO [com.zafnks.web.AbstractCatalog] - <rootURL=https://www.88dushu.com/【玄幻】 【第9页】>
2018-01-24 15:09:49,601 INFO [com.zafnks.web.AbstractCatalog] - <rootURL=https://www.88dushu.com/【玄幻】 【第10页】>
2018-01-24 15:09:52,539 INFO [com.zafnks.web.AbstractCatalog] - <rootURL=https://www.88dushu.com/【玄幻】 【第11页】>
2018-01-24 15:09:53,618 INFO [com.zafnks.web.AbstractCatalog] - <rootURL=https://www.88dushu.com/【玄幻】 【第12页】>
2018-01-24 15:09:55,988 INFO [com.zafnks.web.AbstractCatalog] - <rootURL=https://www.88dushu.com/【玄幻】 【第13页】>
2018-01-24 15:09:58,495 INFO [com.zafnks.web.AbstractCatalog] - <rootURL=https://www.88dushu.com/【玄幻】 【第14页】>
2018-01-24 15:10:01,318 INFO [com.zafnks.web.AbstractCatalog] - <rootURL=https://www.88dushu.com/【玄幻】 【第15页】>
2018-01-24 15:10:02,310 INFO [com.zafnks.web.AbstractCatalog] - <rootURL=https://www.88dushu.com/【玄幻】 【第16页】>
2018-01-24 15:10:04,044 INFO [com.zafnks.web.AbstractCatalog] - <rootURL=https://www.88dushu.com/【玄幻】 【第17页】>
2018-01-24 15:10:05,076 INFO [com.zafnks.web.AbstractCatalog] - <rootURL=https://www.88dushu.com/【玄幻】 【第18页】>
2018-01-24 15:10:07,227 INFO [com.zafnks.web.AbstractCatalog] - <rootURL=https://www.88dushu.com/【玄幻】 【第19页】>
2018-01-24 15:10:10,002 INFO [com.zafnks.web.AbstractCatalog] - <rootURL=https://www.88dushu.com/【玄幻】 【第20页】>
2018-01-24 15:10:13,111 INFO [com.zafnks.web.AbstractCatalog] - <rootURL=https://www.88dushu.com/【玄幻】 【第21页】>
2018-01-24 15:10:13,652 INFO [com.zafnks.web.AbstractCatalog] - <rootURL=https://www.88dushu.com/【玄幻】 【第22页】>
2018-01-24 15:10:16,537 INFO [com.zafnks.web.AbstractCatalog] - <rootURL=https://www.88dushu.com/【玄幻】 【第23页】>
2018-01-24 15:10:19,236 INFO [com.zafnks.web.AbstractCatalog] - <rootURL=https://www.88dushu.com/【玄幻】 【第24页】>
2018-01-24 15:10:22,287 INFO [com.zafnks.web.AbstractCatalog] - <rootURL=https://www.88dushu.com/【玄幻】 【第25页】>
2018-01-24 15:10:24,420 INFO [com.zafnks.web.AbstractCatalog] - <rootURL=https://www.88dushu.com/【玄幻】 【第26页】>
2018-01-24 15:10:27,170 INFO [com.zafnks.web.AbstractCatalog] - <rootURL=https://www.88dushu.com/【玄幻】 【第27页】>
